<?xml version="1.0" encoding="UTF-8"?>
<!-- Generated by org.testng.reporters.JUnitReportReporter -->
<testsuite skipped="0" hostname="LAPTOP-LA2GNSIL" name="testScripts.TestCase3" tests="1" failures="0" timestamp="2022-12-17T14:36:09 IST" time="46.611" errors="0">
  <testcase name="CreateAndDuplicateLead" time="46.611" classname="testScripts.TestCase3"/>
  <system-out/>
</testsuite> <!-- testScripts.TestCase3 -->
