<?xml version="1.0" encoding="UTF-8"?>
<!-- Generated by org.testng.reporters.JUnitReportReporter -->
<testsuite skipped="0" hostname="LAPTOP-LA2GNSIL" name="testScripts.TestCase2" tests="1" failures="0" timestamp="2022-12-17T14:36:09 IST" time="42.448" errors="0">
  <testcase name="CreateContactTest" time="42.448" classname="testScripts.TestCase2"/>
  <system-out/>
</testsuite> <!-- testScripts.TestCase2 -->
